<?xml version="1.0" encoding="UTF-8"?>
<!-- Generated by org.testng.reporters.JUnitXMLReporter -->
<testsuite hostname="ETMUM-LT114" name="Default test(failed)" tests="1" failures="1" timestamp="31 Aug 2016 19:39:25 GMT" time="0.392" errors="0">
  <testcase name="testVerifyCreateGroupFuntionality" time="0.012" classname="com.usergroups.tests.CreateUserGroupTest">
    <failure type="java.lang.AssertionError" message="Error while creating new group">
      <![CDATA[java.lang.AssertionError: Error while creating new group
	at com.usergroups.pages.CreateUserGroup.verifyCreateGroupFuntionality(CreateUserGroup.java:106)
	at com.usergroups.tests.CreateUserGroupTest.testVerifyCreateGroupFuntionality(CreateUserGroupTest.java:49)
... Removed 25 stack frames]]>
    </failure>
  </testcase> <!-- testVerifyCreateGroupFuntionality -->
</testsuite> <!-- Default test(failed) -->
