<?xml version="1.0" encoding="UTF-8"?>
<!-- Generated by org.testng.reporters.JUnitReportReporter -->
<testsuite hostname="ETMUM-LT031" name="com.splunk.tests.SplunkHunkDownloadsTest" tests="9" failures="0" timestamp="6 May 2016 18:32:25 GMT" time="557.726" errors="2">
  <testcase name="testVerifySplunkHunkLinux64DownloadsDEBNotStartedLink" time="41.425" classname="com.splunk.tests.SplunkHunkDownloadsTest"/>
  <testcase name="testVerifySplunkHunkLinux64DownloadsRPMNotStartedLink" time="67.708" classname="com.splunk.tests.SplunkHunkDownloadsTest">
    <error type="java.lang.AssertionError" message="Splunk Hunk download Linux64 Bit not started link not downloaded sucessfully. expected [true] but found [false]">
      <![CDATA[java.lang.AssertionError: Splunk Hunk download Linux64 Bit not started link not downloaded sucessfully. expected [true] but found [false]
	at org.testng.Assert.fail(Assert.java:94)
	at org.testng.Assert.failNotEquals(Assert.java:494)
	at org.testng.Assert.assertTrue(Assert.java:42)
	at com.splunk.pages.SplunkHunkDownloadsPage.verifySplunkHunkDownloadsNotStartedLink(SplunkHunkDownloadsPage.java:165)
	at com.splunk.tests.SplunkHunkDownloadsTest.testVerifySplunkHunkLinux64DownloadsRPMNotStartedLink(SplunkHunkDownloadsTest.java:154)
	at sun.reflect.NativeMethodAccessorImpl.invoke0(Native Method)
	at sun.reflect.NativeMethodAccessorImpl.invoke(NativeMethodAccessorImpl.java:62)
	at sun.reflect.DelegatingMethodAccessorImpl.invoke(DelegatingMethodAccessorImpl.java:43)
	at java.lang.reflect.Method.invoke(Method.java:497)
	at org.testng.internal.MethodInvocationHelper.invokeMethod(MethodInvocationHelper.java:84)
	at org.testng.internal.Invoker.invokeMethod(Invoker.java:714)
	at org.testng.internal.Invoker.invokeTestMethod(Invoker.java:901)
	at org.testng.internal.Invoker.invokeTestMethods(Invoker.java:1231)
	at org.testng.internal.TestMethodWorker.invokeTestMethods(TestMethodWorker.java:127)
	at org.testng.internal.TestMethodWorker.run(TestMethodWorker.java:111)
	at org.testng.TestRunner.privateRun(TestRunner.java:767)
	at org.testng.TestRunner.run(TestRunner.java:617)
	at org.testng.SuiteRunner.runTest(SuiteRunner.java:348)
	at org.testng.SuiteRunner.runSequentially(SuiteRunner.java:343)
	at org.testng.SuiteRunner.privateRun(SuiteRunner.java:305)
	at org.testng.SuiteRunner.run(SuiteRunner.java:254)
	at org.testng.SuiteRunnerWorker.runSuite(SuiteRunnerWorker.java:52)
	at org.testng.SuiteRunnerWorker.run(SuiteRunnerWorker.java:86)
	at org.testng.TestNG.runSuitesSequentially(TestNG.java:1224)
	at org.testng.TestNG.runSuitesLocally(TestNG.java:1149)
	at org.testng.TestNG.run(TestNG.java:1057)
	at org.testng.remote.RemoteTestNG.run(RemoteTestNG.java:111)
	at org.testng.remote.RemoteTestNG.initAndRun(RemoteTestNG.java:204)
	at org.testng.remote.RemoteTestNG.main(RemoteTestNG.java:175)
]]>
    </error>
  </testcase> <!-- testVerifySplunkHunkLinux64DownloadsRPMNotStartedLink -->
  <testcase name="testVerifySplunkHunkLinux64RPMMD5Downloads" time="54.236" classname="com.splunk.tests.SplunkHunkDownloadsTest"/>
  <testcase name="testVerifySplunkHunkLinux64RPMDownloadsGetThisURLLink" time="80.834" classname="com.splunk.tests.SplunkHunkDownloadsTest">
    <error type="java.lang.AssertionError" message="Splunk Hunk Linux64 Bit Get This URL Link file not downloaded sucessfully. expected [true] but found [false]">
      <![CDATA[java.lang.AssertionError: Splunk Hunk Linux64 Bit Get This URL Link file not downloaded sucessfully. expected [true] but found [false]
	at org.testng.Assert.fail(Assert.java:94)
	at org.testng.Assert.failNotEquals(Assert.java:494)
	at org.testng.Assert.assertTrue(Assert.java:42)
	at com.splunk.pages.SplunkHunkDownloadsPage.verifySplunkHunkDownloadsGetThisURLLink(SplunkHunkDownloadsPage.java:218)
	at com.splunk.tests.SplunkHunkDownloadsTest.testVerifySplunkHunkLinux64RPMDownloadsGetThisURLLink(SplunkHunkDownloadsTest.java:178)
	at sun.reflect.NativeMethodAccessorImpl.invoke0(Native Method)
	at sun.reflect.NativeMethodAccessorImpl.invoke(NativeMethodAccessorImpl.java:62)
	at sun.reflect.DelegatingMethodAccessorImpl.invoke(DelegatingMethodAccessorImpl.java:43)
	at java.lang.reflect.Method.invoke(Method.java:497)
	at org.testng.internal.MethodInvocationHelper.invokeMethod(MethodInvocationHelper.java:84)
	at org.testng.internal.Invoker.invokeMethod(Invoker.java:714)
	at org.testng.internal.Invoker.invokeTestMethod(Invoker.java:901)
	at org.testng.internal.Invoker.invokeTestMethods(Invoker.java:1231)
	at org.testng.internal.TestMethodWorker.invokeTestMethods(TestMethodWorker.java:127)
	at org.testng.internal.TestMethodWorker.run(TestMethodWorker.java:111)
	at org.testng.TestRunner.privateRun(TestRunner.java:767)
	at org.testng.TestRunner.run(TestRunner.java:617)
	at org.testng.SuiteRunner.runTest(SuiteRunner.java:348)
	at org.testng.SuiteRunner.runSequentially(SuiteRunner.java:343)
	at org.testng.SuiteRunner.privateRun(SuiteRunner.java:305)
	at org.testng.SuiteRunner.run(SuiteRunner.java:254)
	at org.testng.SuiteRunnerWorker.runSuite(SuiteRunnerWorker.java:52)
	at org.testng.SuiteRunnerWorker.run(SuiteRunnerWorker.java:86)
	at org.testng.TestNG.runSuitesSequentially(TestNG.java:1224)
	at org.testng.TestNG.runSuitesLocally(TestNG.java:1149)
	at org.testng.TestNG.run(TestNG.java:1057)
	at org.testng.remote.RemoteTestNG.run(RemoteTestNG.java:111)
	at org.testng.remote.RemoteTestNG.initAndRun(RemoteTestNG.java:204)
	at org.testng.remote.RemoteTestNG.main(RemoteTestNG.java:175)
]]>
    </error>
  </testcase> <!-- testVerifySplunkHunkLinux64RPMDownloadsGetThisURLLink -->
  <testcase name="testVerifySplunkHunkLinux64DEBMD5Downloads" time="50.944" classname="com.splunk.tests.SplunkHunkDownloadsTest"/>
  <testcase name="testVerifyLandingPage" time="12.216" classname="com.splunk.tests.SplunkHunkDownloadsTest"/>
  <testcase name="testVerifySplunkHunkLinux64DEBDownloadsTGZGetThisURLLink" time="75.291" classname="com.splunk.tests.SplunkHunkDownloadsTest"/>
  <testcase name="testVerifySplunkHunkLinux64DownloadsRPM" time="89.329" classname="com.splunk.tests.SplunkHunkDownloadsTest"/>
  <testcase name="testVerifySplunkHunkLinux64DownloadsDEB" time="85.743" classname="com.splunk.tests.SplunkHunkDownloadsTest"/>
</testsuite> <!-- com.splunk.tests.SplunkHunkDownloadsTest -->
