<?xml version="1.0" encoding="UTF-8"?>
<!-- Generated by org.testng.reporters.JUnitReportReporter -->
<testsuite hostname="ETMUM-LT031" name="com.splunk.tests.FooterTest" tests="9" failures="0" timestamp="4 Apr 2016 16:11:32 GMT" time="69.895" errors="2">
  <testcase name="testVerifyLandingPage" time="4.092" classname="com.splunk.tests.FooterTest"/>
  <testcase name="testVerifyFooterLinks" time="9.955" classname="com.splunk.tests.FooterTest"/>
  <testcase name="testVerifyFooterLinks" time="10.135" classname="com.splunk.tests.FooterTest"/>
  <testcase name="testVerifyFooterCopyRightsText" time="3.212" classname="com.splunk.tests.FooterTest"/>
  <testcase name="testVerifyFooterLinks" time="9.866" classname="com.splunk.tests.FooterTest"/>
  <testcase name="testVerifyFooterLinks" time="10.248" classname="com.splunk.tests.FooterTest"/>
  <testcase name="testVerifyFooterCopyRightsText" time="3.110" classname="com.splunk.tests.FooterTest">
    <error type="java.lang.AssertionError" message="Copy Rights text not matched. expected [© 2005-2016 Splunk Inc. All rights reserved.] but found [© 2005-2015 Splunk Inc. All rights reserved.]">
      <![CDATA[java.lang.AssertionError: Copy Rights text not matched. expected [© 2005-2016 Splunk Inc. All rights reserved.] but found [© 2005-2015 Splunk Inc. All rights reserved.]
	at org.testng.Assert.fail(Assert.java:94)
	at org.testng.Assert.failNotEquals(Assert.java:494)
	at org.testng.Assert.assertEquals(Assert.java:123)
	at org.testng.Assert.assertEquals(Assert.java:176)
	at com.splunk.pages.FooterPage.getCopyRightsText(FooterPage.java:44)
	at com.splunk.tests.FooterTest.testVerifyFooterCopyRightsText(FooterTest.java:44)
	at sun.reflect.NativeMethodAccessorImpl.invoke0(Native Method)
	at sun.reflect.NativeMethodAccessorImpl.invoke(NativeMethodAccessorImpl.java:62)
	at sun.reflect.DelegatingMethodAccessorImpl.invoke(DelegatingMethodAccessorImpl.java:43)
	at java.lang.reflect.Method.invoke(Method.java:497)
	at org.testng.internal.MethodInvocationHelper.invokeMethod(MethodInvocationHelper.java:84)
	at org.testng.internal.Invoker.invokeMethod(Invoker.java:714)
	at org.testng.internal.Invoker.invokeTestMethod(Invoker.java:901)
	at org.testng.internal.Invoker.invokeTestMethods(Invoker.java:1231)
	at org.testng.internal.TestMethodWorker.invokeTestMethods(TestMethodWorker.java:127)
	at org.testng.internal.TestMethodWorker.run(TestMethodWorker.java:111)
	at org.testng.TestRunner.privateRun(TestRunner.java:767)
	at org.testng.TestRunner.run(TestRunner.java:617)
	at org.testng.SuiteRunner.runTest(SuiteRunner.java:348)
	at org.testng.SuiteRunner.runSequentially(SuiteRunner.java:343)
	at org.testng.SuiteRunner.privateRun(SuiteRunner.java:305)
	at org.testng.SuiteRunner.run(SuiteRunner.java:254)
	at org.testng.SuiteRunnerWorker.runSuite(SuiteRunnerWorker.java:52)
	at org.testng.SuiteRunnerWorker.run(SuiteRunnerWorker.java:86)
	at org.testng.TestNG.runSuitesSequentially(TestNG.java:1224)
	at org.testng.TestNG.runSuitesLocally(TestNG.java:1149)
	at org.testng.TestNG.run(TestNG.java:1057)
	at org.testng.remote.RemoteTestNG.run(RemoteTestNG.java:111)
	at org.testng.remote.RemoteTestNG.initAndRun(RemoteTestNG.java:204)
	at org.testng.remote.RemoteTestNG.main(RemoteTestNG.java:175)
]]>
    </error>
  </testcase> <!-- testVerifyFooterCopyRightsText -->
  <testcase name="testVerifyFooterLinks" time="9.140" classname="com.splunk.tests.FooterTest">
    <error type="java.lang.AssertionError" message="Title not matched expected [Sitemap | Splunk] but found [site-map]">
      <![CDATA[java.lang.AssertionError: Title not matched expected [Sitemap | Splunk] but found [site-map]
	at org.testng.Assert.fail(Assert.java:94)
	at org.testng.Assert.failNotEquals(Assert.java:494)
	at org.testng.Assert.assertEquals(Assert.java:123)
	at org.testng.Assert.assertEquals(Assert.java:176)
	at com.splunk.pages.FooterPage.verifyfooterLinks(FooterPage.java:89)
	at com.splunk.tests.FooterTest.testVerifyFooterLinks(FooterTest.java:53)
	at sun.reflect.NativeMethodAccessorImpl.invoke0(Native Method)
	at sun.reflect.NativeMethodAccessorImpl.invoke(NativeMethodAccessorImpl.java:62)
	at sun.reflect.DelegatingMethodAccessorImpl.invoke(DelegatingMethodAccessorImpl.java:43)
	at java.lang.reflect.Method.invoke(Method.java:497)
	at org.testng.internal.MethodInvocationHelper.invokeMethod(MethodInvocationHelper.java:84)
	at org.testng.internal.Invoker.invokeMethod(Invoker.java:714)
	at org.testng.internal.Invoker.invokeTestMethod(Invoker.java:901)
	at org.testng.internal.Invoker.invokeTestMethods(Invoker.java:1231)
	at org.testng.internal.TestMethodWorker.invokeTestMethods(TestMethodWorker.java:127)
	at org.testng.internal.TestMethodWorker.run(TestMethodWorker.java:111)
	at org.testng.TestRunner.privateRun(TestRunner.java:767)
	at org.testng.TestRunner.run(TestRunner.java:617)
	at org.testng.SuiteRunner.runTest(SuiteRunner.java:348)
	at org.testng.SuiteRunner.runSequentially(SuiteRunner.java:343)
	at org.testng.SuiteRunner.privateRun(SuiteRunner.java:305)
	at org.testng.SuiteRunner.run(SuiteRunner.java:254)
	at org.testng.SuiteRunnerWorker.runSuite(SuiteRunnerWorker.java:52)
	at org.testng.SuiteRunnerWorker.run(SuiteRunnerWorker.java:86)
	at org.testng.TestNG.runSuitesSequentially(TestNG.java:1224)
	at org.testng.TestNG.runSuitesLocally(TestNG.java:1149)
	at org.testng.TestNG.run(TestNG.java:1057)
	at org.testng.remote.RemoteTestNG.run(RemoteTestNG.java:111)
	at org.testng.remote.RemoteTestNG.initAndRun(RemoteTestNG.java:204)
	at org.testng.remote.RemoteTestNG.main(RemoteTestNG.java:175)
]]>
    </error>
  </testcase> <!-- testVerifyFooterLinks -->
  <testcase name="testVerifyFooterLinks" time="10.137" classname="com.splunk.tests.FooterTest"/>
</testsuite> <!-- com.splunk.tests.FooterTest -->
