<?xml version="1.0" encoding="UTF-8"?>
<!-- Generated by org.testng.reporters.JUnitXMLReporter -->
<testsuite hostname="ETMUM-LT114" name="User Groups Test cases" tests="5" failures="4" timestamp="7 Sep 2016 08:51:06 GMT" time="226.994" errors="0">
  <testcase name="tesetVerifyLandingPage" time="8.554" classname="com.usergroups.tests.CreateUserGroupTest"/>
  <testcase name="testVerifyCreateGroupFuntionality" time="216.288" classname="com.usergroups.tests.CreateUserGroupTest">
    <failure type="java.lang.AssertionError" message="Group not created expected [true] but found [false]">
      <![CDATA[java.lang.AssertionError: Group not created expected [true] but found [false]
	at com.usergroups.pages.CreateUserGroup.verifyCreateGroupFuntionality(CreateUserGroup.java:146)
	at com.usergroups.tests.CreateUserGroupTest.testVerifyCreateGroupFuntionality(CreateUserGroupTest.java:47)
... Removed 27 stack frames]]>
    </failure>
  </testcase> <!-- testVerifyCreateGroupFuntionality -->
  <testcase name="testVerifyCreateGroupFuntionality" time="0.205" classname="com.usergroups.tests.CreateUserGroupTest">
    <failure type="java.lang.AssertionError" message="Error while creating new group">
      <![CDATA[java.lang.AssertionError: Error while creating new group
	at com.usergroups.pages.CreateUserGroup.verifyCreateGroupFuntionality(CreateUserGroup.java:141)
	at com.usergroups.tests.CreateUserGroupTest.testVerifyCreateGroupFuntionality(CreateUserGroupTest.java:47)
... Removed 25 stack frames]]>
    </failure>
  </testcase> <!-- testVerifyCreateGroupFuntionality -->
  <testcase name="testVerifyCreateGroupFuntionality" time="0.097" classname="com.usergroups.tests.CreateUserGroupTest">
    <failure type="java.lang.AssertionError" message="Error while creating new group">
      <![CDATA[java.lang.AssertionError: Error while creating new group
	at com.usergroups.pages.CreateUserGroup.verifyCreateGroupFuntionality(CreateUserGroup.java:141)
	at com.usergroups.tests.CreateUserGroupTest.testVerifyCreateGroupFuntionality(CreateUserGroupTest.java:47)
... Removed 25 stack frames]]>
    </failure>
  </testcase> <!-- testVerifyCreateGroupFuntionality -->
  <testcase name="testVerifyCreateGroupFuntionality" time="0.073" classname="com.usergroups.tests.CreateUserGroupTest">
    <failure type="java.lang.AssertionError" message="Error while creating new group">
      <![CDATA[java.lang.AssertionError: Error while creating new group
	at com.usergroups.pages.CreateUserGroup.verifyCreateGroupFuntionality(CreateUserGroup.java:141)
	at com.usergroups.tests.CreateUserGroupTest.testVerifyCreateGroupFuntionality(CreateUserGroupTest.java:47)
... Removed 25 stack frames]]>
    </failure>
  </testcase> <!-- testVerifyCreateGroupFuntionality -->
</testsuite> <!-- User Groups Test cases -->
